{"sessionId":"639bd9","timestamp":1778089706659,"location":"mfg_crowd_dynamics.ipynb:cell31","message":"cell entry (before const defs)","hypothesisId":"H1H2H3","runId":"post-fix-H6","data":{"world":39368}}
{"sessionId":"639bd9","timestamp":1778089706662,"location":"mfg_crowd_dynamics.ipynb:cell31","message":"after const _ret_cache / _eval! defs","hypothesisId":"H3","runId":"post-fix-H6","data":{"world":39368}}
{"sessionId":"639bd9","timestamp":1778089706956,"location":"mfg_crowd_dynamics.ipynb:cell31","message":"after all 3 function defs (sample_initial, simulate_agents, animate_agents)","hypothesisId":"H1H2H4H5","runId":"post-fix-H6","data":{"world":39386}}
{"sessionId":"639bd9","timestamp":1778089706968,"location":"mfg_crowd_dynamics.ipynb:cell31","message":"BEFORE @time simulate_agents(...)","hypothesisId":"H1H2H4H5","runId":"post-fix-H6","data":{"world":39386}}
{"sessionId":"639bd9","timestamp":1778089707240,"location":"mfg_crowd_dynamics.ipynb:cell31","message":"ENTER simulate_agents body","hypothesisId":"H1H2H4","runId":"post-fix-H6","data":{"world":39386,"n_agents":100,"stochastic":true}}
{"sessionId":"639bd9","timestamp":1778089707296,"location":"mfg_crowd_dynamics.ipynb:cell31","message":"ENTER sample_initial body","hypothesisId":"H1H2H4","runId":"post-fix-H6","data":{"world":39386,"n":100}}
{"sessionId":"639bd9","timestamp":1778089707340,"location":"mfg_crowd_dynamics.ipynb:cell31","message":"AFTER simulate_agents(...) returned","hypothesisId":"H4H5","runId":"post-fix-H6","data":{"world":39386,"n_traj":100}}
{"sessionId":"639bd9","timestamp":1778089707624,"location":"mfg_crowd_dynamics.ipynb:cell31","message":"ENTER animate_agents","hypothesisId":"H7H8H9","runId":"post-fix-H6","data":{"world":39386,"nframes":41,"nx":60,"ny":60,"path":"agents_stochastic.mp4","sigma_eff":0.25}}
{"sessionId":"639bd9","timestamp":1778089707624,"location":"mfg_crowd_dynamics.ipynb:cell31","message":"frame 1 DOF stats","hypothesisId":"H7","runId":"post-fix-H6","data":{"world":39386,"k":1,"n_nan_dofs":0,"n_inf_dofs":0,"d_min":7.693026546670249e-19,"d_max":15.990876910756722}}
{"sessionId":"639bd9","timestamp":1778089707690,"location":"mfg_crowd_dynamics.ipynb:cell31","message":"frame 1 Mi stats","hypothesisId":"H7H8","runId":"post-fix-H6","data":{"world":39386,"k":1,"local_cmax":15.889486975064816,"running_cmax":15.889486975064816,"n_raw_nan":0,"n_raw_inf":0,"n_threw":0,"n_mi_nan":0,"n_mi_inf":0}}
{"sessionId":"639bd9","timestamp":1778089707690,"location":"mfg_crowd_dynamics.ipynb:cell31","message":"frame 2 DOF stats","hypothesisId":"H7","runId":"post-fix-H6","data":{"world":39386,"k":2,"n_nan_dofs":0,"n_inf_dofs":0,"d_min":-0.00037417068943787523,"d_max":12.996722057484416}}
{"sessionId":"639bd9","timestamp":1778089707706,"location":"mfg_crowd_dynamics.ipynb:cell31","message":"frame 2 Mi stats","hypothesisId":"H7H8","runId":"post-fix-H6","data":{"world":39386,"k":2,"local_cmax":12.90128412143525,"running_cmax":15.889486975064816,"n_raw_nan":0,"n_raw_inf":0,"n_threw":0,"n_mi_nan":0,"n_mi_inf":0}}
{"sessionId":"639bd9","timestamp":1778089707706,"location":"mfg_crowd_dynamics.ipynb:cell31","message":"frame 3 DOF stats","hypothesisId":"H7","runId":"post-fix-H6","data":{"world":39386,"k":3,"n_nan_dofs":0,"n_inf_dofs":0,"d_min":-6.894298689521093e-5,"d_max":10.858440834448894}}
{"sessionId":"639bd9","timestamp":1778089707718,"location":"mfg_crowd_dynamics.ipynb:cell31","message":"frame 3 Mi stats","hypothesisId":"H7H8","runId":"post-fix-H6","data":{"world":39386,"k":3,"local_cmax":10.792852647894428,"running_cmax":15.889486975064816,"n_raw_nan":0,"n_raw_inf":0,"n_threw":0,"n_mi_nan":0,"n_mi_inf":0}}
{"sessionId":"639bd9","timestamp":1778089707718,"location":"mfg_crowd_dynamics.ipynb:cell31","message":"frame 4 DOF stats","hypothesisId":"H7","runId":"post-fix-H6","data":{"world":39386,"k":4,"n_nan_dofs":0,"n_inf_dofs":0,"d_min":-0.003546985407731116,"d_max":9.275758352273634}}
{"sessionId":"639bd9","timestamp":1778089707767,"location":"mfg_crowd_dynamics.ipynb:cell31","message":"frame 4 Mi stats","hypothesisId":"H7H8","runId":"post-fix-H6","data":{"world":39386,"k":4,"local_cmax":9.228852199899936,"running_cmax":15.889486975064816,"n_raw_nan":0,"n_raw_inf":0,"n_threw":0,"n_mi_nan":0,"n_mi_inf":0}}
{"sessionId":"639bd9","timestamp":1778089707769,"location":"mfg_crowd_dynamics.ipynb:cell31","message":"frame 5 DOF stats","hypothesisId":"H7","runId":"post-fix-H6","data":{"world":39386,"k":5,"n_nan_dofs":0,"n_inf_dofs":0,"d_min":-0.0030561503162170123,"d_max":8.070137261153747}}
{"sessionId":"639bd9","timestamp":1778089707784,"location":"mfg_crowd_dynamics.ipynb:cell31","message":"frame 5 Mi stats","hypothesisId":"H7H8","runId":"post-fix-H6","data":{"world":39386,"k":5,"local_cmax":8.035353626550569,"running_cmax":15.889486975064816,"n_raw_nan":0,"n_raw_inf":0,"n_threw":0,"n_mi_nan":0,"n_mi_inf":0}}
{"sessionId":"639bd9","timestamp":1778089707785,"location":"mfg_crowd_dynamics.ipynb:cell31","message":"frame 6 DOF stats","hypothesisId":"H7","runId":"post-fix-H6","data":{"world":39386,"k":6,"n_nan_dofs":0,"n_inf_dofs":0,"d_min":-0.018184935115292594,"d_max":7.12993751854426}}
{"sessionId":"639bd9","timestamp":1778089707799,"location":"mfg_crowd_dynamics.ipynb:cell31","message":"frame 6 Mi stats","hypothesisId":"H7H8","runId":"post-fix-H6","data":{"world":39386,"k":6,"local_cmax":7.103244867971162,"running_cmax":15.889486975064816,"n_raw_nan":0,"n_raw_inf":0,"n_threw":0,"n_mi_nan":0,"n_mi_inf":0}}
{"sessionId":"639bd9","timestamp":1778089707799,"location":"mfg_crowd_dynamics.ipynb:cell31","message":"frame 7 DOF stats","hypothesisId":"H7","runId":"post-fix-H6","data":{"world":39386,"k":7,"n_nan_dofs":0,"n_inf_dofs":0,"d_min":-0.05760044840832029,"d_max":6.382239528740321}}
{"sessionId":"639bd9","timestamp":1778089707840,"location":"mfg_crowd_dynamics.ipynb:cell31","message":"frame 7 Mi stats","hypothesisId":"H7H8","runId":"post-fix-H6","data":{"world":39386,"k":7,"local_cmax":6.361070157239381,"running_cmax":15.889486975064816,"n_raw_nan":0,"n_raw_inf":0,"n_threw":0,"n_mi_nan":0,"n_mi_inf":0}}
{"sessionId":"639bd9","timestamp":1778089707840,"location":"mfg_crowd_dynamics.ipynb:cell31","message":"frame 8 DOF stats","hypothesisId":"H7","runId":"post-fix-H6","data":{"world":39386,"k":8,"n_nan_dofs":0,"n_inf_dofs":0,"d_min":-0.5209478152164702,"d_max":5.7776238467424355}}
{"sessionId":"639bd9","timestamp":1778089707855,"location":"mfg_crowd_dynamics.ipynb:cell31","message":"frame 8 Mi stats","hypothesisId":"H7H8","runId":"post-fix-H6","data":{"world":39386,"k":8,"local_cmax":5.760297291285185,"running_cmax":15.889486975064816,"n_raw_nan":0,"n_raw_inf":0,"n_threw":0,"n_mi_nan":0,"n_mi_inf":0}}
{"sessionId":"639bd9","timestamp":1778089707855,"location":"mfg_crowd_dynamics.ipynb:cell31","message":"frame 9 DOF stats","hypothesisId":"H7","runId":"post-fix-H6","data":{"world":39386,"k":9,"n_nan_dofs":0,"n_inf_dofs":0,"d_min":-0.04490355220880954,"d_max":5.281555013598562}}
{"sessionId":"639bd9","timestamp":1778089707869,"location":"mfg_crowd_dynamics.ipynb:cell31","message":"frame 9 Mi stats","hypothesisId":"H7H8","runId":"post-fix-H6","data":{"world":39386,"k":9,"local_cmax":5.268501056101623,"running_cmax":15.889486975064816,"n_raw_nan":0,"n_raw_inf":0,"n_threw":0,"n_mi_nan":0,"n_mi_inf":0}}
{"sessionId":"639bd9","timestamp":1778089707869,"location":"mfg_crowd_dynamics.ipynb:cell31","message":"frame 10 DOF stats","hypothesisId":"H7","runId":"post-fix-H6","data":{"world":39386,"k":10,"n_nan_dofs":0,"n_inf_dofs":0,"d_min":-0.015593933048339021,"d_max":4.871891179713314}}
{"sessionId":"639bd9","timestamp":1778089707906,"location":"mfg_crowd_dynamics.ipynb:cell31","message":"frame 10 Mi stats","hypothesisId":"H7H8","runId":"post-fix-H6","data":{"world":39386,"k":10,"local_cmax":4.868965048755634,"running_cmax":15.889486975064816,"n_raw_nan":0,"n_raw_inf":0,"n_threw":0,"n_mi_nan":0,"n_mi_inf":0}}
{"sessionId":"639bd9","timestamp":1778089707906,"location":"mfg_crowd_dynamics.ipynb:cell31","message":"frame 11 DOF stats","hypothesisId":"H7","runId":"post-fix-H6","data":{"world":39386,"k":11,"n_nan_dofs":0,"n_inf_dofs":0,"d_min":-0.022265211200916516,"d_max":4.537019455529346}}
{"sessionId":"639bd9","timestamp":1778089707918,"location":"mfg_crowd_dynamics.ipynb:cell31","message":"frame 11 Mi stats","hypothesisId":"H7H8","runId":"post-fix-H6","data":{"world":39386,"k":11,"local_cmax":4.5334043715528125,"running_cmax":15.889486975064816,"n_raw_nan":0,"n_raw_inf":0,"n_threw":0,"n_mi_nan":0,"n_mi_inf":0}}
{"sessionId":"639bd9","timestamp":1778089707918,"location":"mfg_crowd_dynamics.ipynb:cell31","message":"frame 12 DOF stats","hypothesisId":"H7","runId":"post-fix-H6","data":{"world":39386,"k":12,"n_nan_dofs":0,"n_inf_dofs":0,"d_min":-0.10169936902713697,"d_max":4.252601670822335}}
{"sessionId":"639bd9","timestamp":1778089707937,"location":"mfg_crowd_dynamics.ipynb:cell31","message":"frame 12 Mi stats","hypothesisId":"H7H8","runId":"post-fix-H6","data":{"world":39386,"k":12,"local_cmax":4.248372560122996,"running_cmax":15.889486975064816,"n_raw_nan":0,"n_raw_inf":0,"n_threw":0,"n_mi_nan":0,"n_mi_inf":0}}
{"sessionId":"639bd9","timestamp":1778089707937,"location":"mfg_crowd_dynamics.ipynb:cell31","message":"frame 13 DOF stats","hypothesisId":"H7","runId":"post-fix-H6","data":{"world":39386,"k":13,"n_nan_dofs":0,"n_inf_dofs":0,"d_min":-0.08333783181835394,"d_max":4.008530463248403}}
{"sessionId":"639bd9","timestamp":1778089707959,"location":"mfg_crowd_dynamics.ipynb:cell31","message":"frame 13 Mi stats","hypothesisId":"H7H8","runId":"post-fix-H6","data":{"world":39386,"k":13,"local_cmax":4.003773258243182,"running_cmax":15.889486975064816,"n_raw_nan":0,"n_raw_inf":0,"n_threw":0,"n_mi_nan":0,"n_mi_inf":0}}
{"sessionId":"639bd9","timestamp":1778089707959,"location":"mfg_crowd_dynamics.ipynb:cell31","message":"frame 14 DOF stats","hypothesisId":"H7","runId":"post-fix-H6","data":{"world":39386,"k":14,"n_nan_dofs":0,"n_inf_dofs":0,"d_min":-0.08902876957188911,"d_max":3.797120471426975}}
{"sessionId":"639bd9","timestamp":1778089707991,"location":"mfg_crowd_dynamics.ipynb:cell31","message":"frame 14 Mi stats","hypothesisId":"H7H8","runId":"post-fix-H6","data":{"world":39386,"k":14,"local_cmax":3.791921822051869,"running_cmax":15.889486975064816,"n_raw_nan":0,"n_raw_inf":0,"n_threw":0,"n_mi_nan":0,"n_mi_inf":0}}
{"sessionId":"639bd9","timestamp":1778089707991,"location":"mfg_crowd_dynamics.ipynb:cell31","message":"frame 15 DOF stats","hypothesisId":"H7","runId":"post-fix-H6","data":{"world":39386,"k":15,"n_nan_dofs":0,"n_inf_dofs":0,"d_min":-0.06748940859239233,"d_max":3.616546406792375}}
{"sessionId":"639bd9","timestamp":1778089708007,"location":"mfg_crowd_dynamics.ipynb:cell31","message":"frame 15 Mi stats","hypothesisId":"H7H8","runId":"post-fix-H6","data":{"world":39386,"k":15,"local_cmax":3.6142890659598663,"running_cmax":15.889486975064816,"n_raw_nan":0,"n_raw_inf":0,"n_threw":0,"n_mi_nan":0,"n_mi_inf":0}}
{"sessionId":"639bd9","timestamp":1778089708007,"location":"mfg_crowd_dynamics.ipynb:cell31","message":"frame 16 DOF stats","hypothesisId":"H7","runId":"post-fix-H6","data":{"world":39386,"k":16,"n_nan_dofs":0,"n_inf_dofs":0,"d_min":0.00687547901238411,"d_max":3.4641032657558557}}
{"sessionId":"639bd9","timestamp":1778089708030,"location":"mfg_crowd_dynamics.ipynb:cell31","message":"frame 16 Mi stats","hypothesisId":"H7H8","runId":"post-fix-H6","data":{"world":39386,"k":16,"local_cmax":3.461284238262088,"running_cmax":15.889486975064816,"n_raw_nan":0,"n_raw_inf":0,"n_threw":0,"n_mi_nan":0,"n_mi_inf":0}}
{"sessionId":"639bd9","timestamp":1778089708030,"location":"mfg_crowd_dynamics.ipynb:cell31","message":"frame 17 DOF stats","hypothesisId":"H7","runId":"post-fix-H6","data":{"world":39386,"k":17,"n_nan_dofs":0,"n_inf_dofs":0,"d_min":0.009399443873577672,"d_max":3.328056653370111}}
{"sessionId":"639bd9","timestamp":1778089708063,"location":"mfg_crowd_dynamics.ipynb:cell31","message":"frame 17 Mi stats","hypothesisId":"H7H8","runId":"post-fix-H6","data":{"world":39386,"k":17,"local_cmax":3.3248030456066546,"running_cmax":15.889486975064816,"n_raw_nan":0,"n_raw_inf":0,"n_threw":0,"n_mi_nan":0,"n_mi_inf":0}}
{"sessionId":"639bd9","timestamp":1778089708063,"location":"mfg_crowd_dynamics.ipynb:cell31","message":"frame 18 DOF stats","hypothesisId":"H7","runId":"post-fix-H6","data":{"world":39386,"k":18,"n_nan_dofs":0,"n_inf_dofs":0,"d_min":0.012470294946493713,"d_max":3.2059403552871597}}
{"sessionId":"639bd9","timestamp":1778089708078,"location":"mfg_crowd_dynamics.ipynb:cell31","message":"frame 18 Mi stats","hypothesisId":"H7H8","runId":"post-fix-H6","data":{"world":39386,"k":18,"local_cmax":3.2047973706317725,"running_cmax":15.889486975064816,"n_raw_nan":0,"n_raw_inf":0,"n_threw":0,"n_mi_nan":0,"n_mi_inf":0}}
{"sessionId":"639bd9","timestamp":1778089708080,"location":"mfg_crowd_dynamics.ipynb:cell31","message":"frame 19 DOF stats","hypothesisId":"H7","runId":"post-fix-H6","data":{"world":39386,"k":19,"n_nan_dofs":0,"n_inf_dofs":0,"d_min":0.016115491352735073,"d_max":3.103194923277992}}
{"sessionId":"639bd9","timestamp":1778089708103,"location":"mfg_crowd_dynamics.ipynb:cell31","message":"frame 19 Mi stats","hypothesisId":"H7H8","runId":"post-fix-H6","data":{"world":39386,"k":19,"local_cmax":3.1018177333238564,"running_cmax":15.889486975064816,"n_raw_nan":0,"n_raw_inf":0,"n_threw":0,"n_mi_nan":0,"n_mi_inf":0}}
{"sessionId":"639bd9","timestamp":1778089708103,"location":"mfg_crowd_dynamics.ipynb:cell31","message":"frame 20 DOF stats","hypothesisId":"H7","runId":"post-fix-H6","data":{"world":39386,"k":20,"n_nan_dofs":0,"n_inf_dofs":0,"d_min":0.020349486601590597,"d_max":3.012599266417394}}
{"sessionId":"639bd9","timestamp":1778089708137,"location":"mfg_crowd_dynamics.ipynb:cell31","message":"frame 20 Mi stats","hypothesisId":"H7H8","runId":"post-fix-H6","data":{"world":39386,"k":20,"local_cmax":3.01119709425943,"running_cmax":15.889486975064816,"n_raw_nan":0,"n_raw_inf":0,"n_threw":0,"n_mi_nan":0,"n_mi_inf":0}}
{"sessionId":"639bd9","timestamp":1778089708137,"location":"mfg_crowd_dynamics.ipynb:cell31","message":"frame 21 DOF stats","hypothesisId":"H7","runId":"post-fix-H6","data":{"world":39386,"k":21,"n_nan_dofs":0,"n_inf_dofs":0,"d_min":0.025173629264443866,"d_max":2.9363933399991464}}
{"sessionId":"639bd9","timestamp":1778089708150,"location":"mfg_crowd_dynamics.ipynb:cell31","message":"frame 21 Mi stats","hypothesisId":"H7H8","runId":"post-fix-H6","data":{"world":39386,"k":21,"local_cmax":2.9329633294828525,"running_cmax":15.889486975064816,"n_raw_nan":0,"n_raw_inf":0,"n_threw":0,"n_mi_nan":0,"n_mi_inf":0}}
{"sessionId":"639bd9","timestamp":1778089708153,"location":"mfg_crowd_dynamics.ipynb:cell31","message":"frame 22 DOF stats","hypothesisId":"H7","runId":"post-fix-H6","data":{"world":39386,"k":22,"n_nan_dofs":0,"n_inf_dofs":0,"d_min":0.030576602608697528,"d_max":2.865076937365679}}
{"sessionId":"639bd9","timestamp":1778089708173,"location":"mfg_crowd_dynamics.ipynb:cell31","message":"frame 22 Mi stats","hypothesisId":"H7H8","runId":"post-fix-H6","data":{"world":39386,"k":22,"local_cmax":2.860558957992251,"running_cmax":15.889486975064816,"n_raw_nan":0,"n_raw_inf":0,"n_threw":0,"n_mi_nan":0,"n_mi_inf":0}}
{"sessionId":"639bd9","timestamp":1778089708173,"location":"mfg_crowd_dynamics.ipynb:cell31","message":"frame 23 DOF stats","hypothesisId":"H7","runId":"post-fix-H6","data":{"world":39386,"k":23,"n_nan_dofs":0,"n_inf_dofs":0,"d_min":0.03653524861512819,"d_max":2.7982926803274792}}
{"sessionId":"639bd9","timestamp":1778089708204,"location":"mfg_crowd_dynamics.ipynb:cell31","message":"frame 23 Mi stats","hypothesisId":"H7H8","runId":"post-fix-H6","data":{"world":39386,"k":23,"local_cmax":2.7939094641183644,"running_cmax":15.889486975064816,"n_raw_nan":0,"n_raw_inf":0,"n_threw":0,"n_mi_nan":0,"n_mi_inf":0}}
{"sessionId":"639bd9","timestamp":1778089708204,"location":"mfg_crowd_dynamics.ipynb:cell31","message":"frame 24 DOF stats","hypothesisId":"H7","runId":"post-fix-H6","data":{"world":39386,"k":24,"n_nan_dofs":0,"n_inf_dofs":0,"d_min":0.043015662685229744,"d_max":2.7357806327364593}}
{"sessionId":"639bd9","timestamp":1778089708222,"location":"mfg_crowd_dynamics.ipynb:cell31","message":"frame 24 Mi stats","hypothesisId":"H7H8","runId":"post-fix-H6","data":{"world":39386,"k":24,"local_cmax":2.7319382390245988,"running_cmax":15.889486975064816,"n_raw_nan":0,"n_raw_inf":0,"n_threw":0,"n_mi_nan":0,"n_mi_inf":0}}
{"sessionId":"639bd9","timestamp":1778089708222,"location":"mfg_crowd_dynamics.ipynb:cell31","message":"frame 25 DOF stats","hypothesisId":"H7","runId":"post-fix-H6","data":{"world":39386,"k":25,"n_nan_dofs":0,"n_inf_dofs":0,"d_min":0.049974483683043726,"d_max":2.67729210579334}}
{"sessionId":"639bd9","timestamp":1778089708240,"location":"mfg_crowd_dynamics.ipynb:cell31","message":"frame 25 Mi stats","hypothesisId":"H7H8","runId":"post-fix-H6","data":{"world":39386,"k":25,"local_cmax":2.673897027611817,"running_cmax":15.889486975064816,"n_raw_nan":0,"n_raw_inf":0,"n_threw":0,"n_mi_nan":0,"n_mi_inf":0}}
{"sessionId":"639bd9","timestamp":1778089708240,"location":"mfg_crowd_dynamics.ipynb:cell31","message":"frame 26 DOF stats","hypothesisId":"H7","runId":"post-fix-H6","data":{"world":39386,"k":26,"n_nan_dofs":0,"n_inf_dofs":0,"d_min":0.05736032180970532,"d_max":2.6225916529051294}}
{"sessionId":"639bd9","timestamp":1778089708272,"location":"mfg_crowd_dynamics.ipynb:cell31","message":"frame 26 Mi stats","hypothesisId":"H7H8","runId":"post-fix-H6","data":{"world":39386,"k":26,"local_cmax":2.6195673456960984,"running_cmax":15.889486975064816,"n_raw_nan":0,"n_raw_inf":0,"n_threw":0,"n_mi_nan":0,"n_mi_inf":0}}
{"sessionId":"639bd9","timestamp":1778089708272,"location":"mfg_crowd_dynamics.ipynb:cell31","message":"frame 27 DOF stats","hypothesisId":"H7","runId":"post-fix-H6","data":{"world":39386,"k":27,"n_nan_dofs":0,"n_inf_dofs":0,"d_min":0.06399753739419536,"d_max":2.5714580035904593}}
{"sessionId":"639bd9","timestamp":1778089708290,"location":"mfg_crowd_dynamics.ipynb:cell31","message":"frame 27 Mi stats","hypothesisId":"H7H8","runId":"post-fix-H6","data":{"world":39386,"k":27,"local_cmax":2.568741365301079,"running_cmax":15.889486975064816,"n_raw_nan":0,"n_raw_inf":0,"n_threw":0,"n_mi_nan":0,"n_mi_inf":0}}
{"sessionId":"639bd9","timestamp":1778089708290,"location":"mfg_crowd_dynamics.ipynb:cell31","message":"frame 28 DOF stats","hypothesisId":"H7","runId":"post-fix-H6","data":{"world":39386,"k":28,"n_nan_dofs":0,"n_inf_dofs":0,"d_min":0.06775505636985307,"d_max":2.523684260285758}}
{"sessionId":"639bd9","timestamp":1778089708306,"location":"mfg_crowd_dynamics.ipynb:cell31","message":"frame 28 Mi stats","hypothesisId":"H7H8","runId":"post-fix-H6","data":{"world":39386,"k":28,"local_cmax":2.521222837681478,"running_cmax":15.889486975064816,"n_raw_nan":0,"n_raw_inf":0,"n_threw":0,"n_mi_nan":0,"n_mi_inf":0}}
{"sessionId":"639bd9","timestamp":1778089708308,"location":"mfg_crowd_dynamics.ipynb:cell31","message":"frame 29 DOF stats","hypothesisId":"H7","runId":"post-fix-H6","data":{"world":39386,"k":29,"n_nan_dofs":0,"n_inf_dofs":0,"d_min":0.071644232982486,"d_max":2.4790775777215295}}
{"sessionId":"639bd9","timestamp":1778089708339,"location":"mfg_crowd_dynamics.ipynb:cell31","message":"frame 29 Mi stats","hypothesisId":"H7H8","runId":"post-fix-H6","data":{"world":39386,"k":29,"local_cmax":2.4768273151333613,"running_cmax":15.889486975064816,"n_raw_nan":0,"n_raw_inf":0,"n_threw":0,"n_mi_nan":0,"n_mi_inf":0}}
{"sessionId":"639bd9","timestamp":1778089708340,"location":"mfg_crowd_dynamics.ipynb:cell31","message":"frame 30 DOF stats","hypothesisId":"H7","runId":"post-fix-H6","data":{"world":39386,"k":30,"n_nan_dofs":0,"n_inf_dofs":0,"d_min":0.07562800578188665,"d_max":2.4374584681398717}}
{"sessionId":"639bd9","timestamp":1778089708352,"location":"mfg_crowd_dynamics.ipynb:cell31","message":"frame 30 Mi stats","hypothesisId":"H7H8","runId":"post-fix-H6","data":{"world":39386,"k":30,"local_cmax":2.4353818554932696,"running_cmax":15.889486975064816,"n_raw_nan":0,"n_raw_inf":0,"n_threw":0,"n_mi_nan":0,"n_mi_inf":0}}
{"sessionId":"639bd9","timestamp":1778089708355,"location":"mfg_crowd_dynamics.ipynb:cell31","message":"frame 31 DOF stats","hypothesisId":"H7","runId":"post-fix-H6","data":{"world":39386,"k":31,"n_nan_dofs":0,"n_inf_dofs":0,"d_min":0.07967355130442584,"d_max":2.3986598170945594}}
{"sessionId":"639bd9","timestamp":1778089708371,"location":"mfg_crowd_dynamics.ipynb:cell31","message":"frame 31 Mi stats","hypothesisId":"H7H8","runId":"post-fix-H6","data":{"world":39386,"k":31,"local_cmax":2.3967243214034135,"running_cmax":15.889486975064816,"n_raw_nan":0,"n_raw_inf":0,"n_threw":0,"n_mi_nan":0,"n_mi_inf":0}}
{"sessionId":"639bd9","timestamp":1778089708371,"location":"mfg_crowd_dynamics.ipynb:cell31","message":"frame 32 DOF stats","hypothesisId":"H7","runId":"post-fix-H6","data":{"world":39386,"k":32,"n_nan_dofs":0,"n_inf_dofs":0,"d_min":0.08375044894944021,"d_max":2.3625256462773074}}
{"sessionId":"639bd9","timestamp":1778089708406,"location":"mfg_crowd_dynamics.ipynb:cell31","message":"frame 32 Mi stats","hypothesisId":"H7H8","runId":"post-fix-H6","data":{"world":39386,"k":32,"local_cmax":2.360702327046904,"running_cmax":15.889486975064816,"n_raw_nan":0,"n_raw_inf":0,"n_threw":0,"n_mi_nan":0,"n_mi_inf":0}}
{"sessionId":"639bd9","timestamp":1778089708406,"location":"mfg_crowd_dynamics.ipynb:cell31","message":"frame 33 DOF stats","hypothesisId":"H7","runId":"post-fix-H6","data":{"world":39386,"k":33,"n_nan_dofs":0,"n_inf_dofs":0,"d_min":0.08782883300579583,"d_max":2.3289096151183686}}
{"sessionId":"639bd9","timestamp":1778089708420,"location":"mfg_crowd_dynamics.ipynb:cell31","message":"frame 33 Mi stats","hypothesisId":"H7H8","runId":"post-fix-H6","data":{"world":39386,"k":33,"local_cmax":2.3271718295983357,"running_cmax":15.889486975064816,"n_raw_nan":0,"n_raw_inf":0,"n_threw":0,"n_mi_nan":0,"n_mi_inf":0}}
{"sessionId":"639bd9","timestamp":1778089708420,"location":"mfg_crowd_dynamics.ipynb:cell31","message":"frame 34 DOF stats","hypothesisId":"H7","runId":"post-fix-H6","data":{"world":39386,"k":34,"n_nan_dofs":0,"n_inf_dofs":0,"d_min":0.09187713044156597,"d_max":2.297673204949955}}
{"sessionId":"639bd9","timestamp":1778089708439,"location":"mfg_crowd_dynamics.ipynb:cell31","message":"frame 34 Mi stats","hypothesisId":"H7H8","runId":"post-fix-H6","data":{"world":39386,"k":34,"local_cmax":2.2959953014085013,"running_cmax":15.889486975064816,"n_raw_nan":0,"n_raw_inf":0,"n_threw":0,"n_mi_nan":0,"n_mi_inf":0}}
{"sessionId":"639bd9","timestamp":1778089708439,"location":"mfg_crowd_dynamics.ipynb:cell31","message":"frame 35 DOF stats","hypothesisId":"H7","runId":"post-fix-H6","data":{"world":39386,"k":35,"n_nan_dofs":0,"n_inf_dofs":0,"d_min":0.09585875225720661,"d_max":2.2686834697588805}}
{"sessionId":"639bd9","timestamp":1778089708473,"location":"mfg_crowd_dynamics.ipynb:cell31","message":"frame 35 Mi stats","hypothesisId":"H7H8","runId":"post-fix-H6","data":{"world":39386,"k":35,"local_cmax":2.267039337582214,"running_cmax":15.889486975064816,"n_raw_nan":0,"n_raw_inf":0,"n_threw":0,"n_mi_nan":0,"n_mi_inf":0}}
{"sessionId":"639bd9","timestamp":1778089708473,"location":"mfg_crowd_dynamics.ipynb:cell31","message":"frame 36 DOF stats","hypothesisId":"H7","runId":"post-fix-H6","data":{"world":39386,"k":36,"n_nan_dofs":0,"n_inf_dofs":0,"d_min":0.09972647313976618,"d_max":2.2418101544698}}
{"sessionId":"639bd9","timestamp":1778089708489,"location":"mfg_crowd_dynamics.ipynb:cell31","message":"frame 36 Mi stats","hypothesisId":"H7H8","runId":"post-fix-H6","data":{"world":39386,"k":36,"local_cmax":2.2401714252671923,"running_cmax":15.889486975064816,"n_raw_nan":0,"n_raw_inf":0,"n_threw":0,"n_mi_nan":0,"n_mi_inf":0}}
{"sessionId":"639bd9","timestamp":1778089708490,"location":"mfg_crowd_dynamics.ipynb:cell31","message":"frame 37 DOF stats","hypothesisId":"H7","runId":"post-fix-H6","data":{"world":39386,"k":37,"n_nan_dofs":0,"n_inf_dofs":0,"d_min":0.10341146979562124,"d_max":2.21692186394709}}
{"sessionId":"639bd9","timestamp":1778089708507,"location":"mfg_crowd_dynamics.ipynb:cell31","message":"frame 37 Mi stats","hypothesisId":"H7H8","runId":"post-fix-H6","data":{"world":39386,"k":37,"local_cmax":2.2152553658937655,"running_cmax":15.889486975064816,"n_raw_nan":0,"n_raw_inf":0,"n_threw":0,"n_mi_nan":0,"n_mi_inf":0}}
{"sessionId":"639bd9","timestamp":1778089708509,"location":"mfg_crowd_dynamics.ipynb:cell31","message":"frame 38 DOF stats","hypothesisId":"H7","runId":"post-fix-H6","data":{"world":39386,"k":38,"n_nan_dofs":0,"n_inf_dofs":0,"d_min":0.10679841314047611,"d_max":2.1938808412031863}}
{"sessionId":"639bd9","timestamp":1778089708542,"location":"mfg_crowd_dynamics.ipynb:cell31","message":"frame 38 Mi stats","hypothesisId":"H7H8","runId":"post-fix-H6","data":{"world":39386,"k":38,"local_cmax":2.192144345815888,"running_cmax":15.889486975064816,"n_raw_nan":0,"n_raw_inf":0,"n_threw":0,"n_mi_nan":0,"n_mi_inf":0}}
{"sessionId":"639bd9","timestamp":1778089708544,"location":"mfg_crowd_dynamics.ipynb:cell31","message":"frame 39 DOF stats","hypothesisId":"H7","runId":"post-fix-H6","data":{"world":39386,"k":39,"n_nan_dofs":0,"n_inf_dofs":0,"d_min":0.10965686307277347,"d_max":2.1725361320022496}}
{"sessionId":"639bd9","timestamp":1778089708556,"location":"mfg_crowd_dynamics.ipynb:cell31","message":"frame 39 Mi stats","hypothesisId":"H7H8","runId":"post-fix-H6","data":{"world":39386,"k":39,"local_cmax":2.170669436267281,"running_cmax":15.889486975064816,"n_raw_nan":0,"n_raw_inf":0,"n_threw":0,"n_mi_nan":0,"n_mi_inf":0}}
{"sessionId":"639bd9","timestamp":1778089708558,"location":"mfg_crowd_dynamics.ipynb:cell31","message":"frame 40 DOF stats","hypothesisId":"H7","runId":"post-fix-H6","data":{"world":39386,"k":40,"n_nan_dofs":0,"n_inf_dofs":0,"d_min":0.11139950421108587,"d_max":2.152718093292636}}
{"sessionId":"639bd9","timestamp":1778089708573,"location":"mfg_crowd_dynamics.ipynb:cell31","message":"frame 40 Mi stats","hypothesisId":"H7H8","runId":"post-fix-H6","data":{"world":39386,"k":40,"local_cmax":2.150617795320318,"running_cmax":15.889486975064816,"n_raw_nan":0,"n_raw_inf":0,"n_threw":0,"n_mi_nan":0,"n_mi_inf":0}}
{"sessionId":"639bd9","timestamp":1778089708573,"location":"mfg_crowd_dynamics.ipynb:cell31","message":"frame 41 DOF stats","hypothesisId":"H7","runId":"post-fix-H6","data":{"world":39386,"k":41,"n_nan_dofs":0,"n_inf_dofs":0,"d_min":0.1099566916741016,"d_max":2.134261845055266}}
{"sessionId":"639bd9","timestamp":1778089708608,"location":"mfg_crowd_dynamics.ipynb:cell31","message":"frame 41 Mi stats","hypothesisId":"H7H8","runId":"post-fix-H6","data":{"world":39386,"k":41,"local_cmax":2.131794446768963,"running_cmax":15.889486975064816,"n_raw_nan":0,"n_raw_inf":0,"n_threw":0,"n_mi_nan":0,"n_mi_inf":0}}
{"sessionId":"639bd9","timestamp":1778089708610,"location":"mfg_crowd_dynamics.ipynb:cell31","message":"before record(): cr + M_frames[1] summary (post-clamp)","hypothesisId":"H7H10","runId":"post-fix-H6","data":{"world":39386,"cr_lo":0.0,"cr_hi":1588.9486975064817,"raw_cmax":15.889486975064816,"ceiling":1588.9486975064817,"m1_max":15.889486975064816,"M1_nan":0,"M1_inf":0,"M1_min":0.0,"M1_max":15.889486975064816}}
{"sessionId":"639bd9","timestamp":1778089709248,"location":"mfg_crowd_dynamics.ipynb:cell31","message":"cell complete","hypothesisId":"H4H5","runId":"post-fix-H6","data":{"world":39386}}
{"sessionId":"639bd9","timestamp":1778089719528,"location":"mfg_crowd_dynamics.ipynb:cell31","message":"ENTER simulate_agents body","hypothesisId":"H1H2H4","runId":"post-fix-H6","data":{"world":39386,"n_agents":100,"stochastic":false}}
{"sessionId":"639bd9","timestamp":1778089719528,"location":"mfg_crowd_dynamics.ipynb:cell31","message":"ENTER sample_initial body","hypothesisId":"H1H2H4","runId":"post-fix-H6","data":{"world":39386,"n":100}}
{"sessionId":"639bd9","timestamp":1778089719584,"location":"mfg_crowd_dynamics.ipynb:cell31","message":"ENTER animate_agents","hypothesisId":"H7H8H9","runId":"post-fix-H6","data":{"world":39386,"nframes":41,"nx":60,"ny":60,"path":"agents_deterministic.mp4","sigma_eff":0.05}}
{"sessionId":"639bd9","timestamp":1778089719585,"location":"mfg_crowd_dynamics.ipynb:cell31","message":"frame 1 DOF stats","hypothesisId":"H7","runId":"post-fix-H6","data":{"world":39386,"k":1,"n_nan_dofs":0,"n_inf_dofs":0,"d_min":7.693026546670249e-19,"d_max":15.990876910756722}}
{"sessionId":"639bd9","timestamp":1778089719596,"location":"mfg_crowd_dynamics.ipynb:cell31","message":"frame 1 Mi stats","hypothesisId":"H7H8","runId":"post-fix-H6","data":{"world":39386,"k":1,"local_cmax":15.889486975064816,"running_cmax":15.889486975064816,"n_raw_nan":0,"n_raw_inf":0,"n_threw":0,"n_mi_nan":0,"n_mi_inf":0}}
{"sessionId":"639bd9","timestamp":1778089719596,"location":"mfg_crowd_dynamics.ipynb:cell31","message":"frame 2 DOF stats","hypothesisId":"H7","runId":"post-fix-H6","data":{"world":39386,"k":2,"n_nan_dofs":0,"n_inf_dofs":0,"d_min":-98.59415878954294,"d_max":89.49049611943677}}
{"sessionId":"639bd9","timestamp":1778089719613,"location":"mfg_crowd_dynamics.ipynb:cell31","message":"frame 2 Mi stats","hypothesisId":"H7H8","runId":"post-fix-H6","data":{"world":39386,"k":2,"local_cmax":80.63803835961949,"running_cmax":80.63803835961949,"n_raw_nan":0,"n_raw_inf":0,"n_threw":0,"n_mi_nan":0,"n_mi_inf":0}}
{"sessionId":"639bd9","timestamp":1778089719613,"location":"mfg_crowd_dynamics.ipynb:cell31","message":"frame 3 DOF stats","hypothesisId":"H7","runId":"post-fix-H6","data":{"world":39386,"k":3,"n_nan_dofs":0,"n_inf_dofs":0,"d_min":-4904.786764333662,"d_max":4148.914675254943}}
{"sessionId":"639bd9","timestamp":1778089719649,"location":"mfg_crowd_dynamics.ipynb:cell31","message":"frame 3 Mi stats","hypothesisId":"H7H8","runId":"post-fix-H6","data":{"world":39386,"k":3,"local_cmax":3761.073152478406,"running_cmax":3761.073152478406,"n_raw_nan":0,"n_raw_inf":0,"n_threw":0,"n_mi_nan":0,"n_mi_inf":0}}
{"sessionId":"639bd9","timestamp":1778089719649,"location":"mfg_crowd_dynamics.ipynb:cell31","message":"frame 4 DOF stats","hypothesisId":"H7","runId":"post-fix-H6","data":{"world":39386,"k":4,"n_nan_dofs":0,"n_inf_dofs":0,"d_min":-867842.4225457539,"d_max":961053.6850917322}}
{"sessionId":"639bd9","timestamp":1778089719662,"location":"mfg_crowd_dynamics.ipynb:cell31","message":"frame 4 Mi stats","hypothesisId":"H7H8","runId":"post-fix-H6","data":{"world":39386,"k":4,"local_cmax":752091.9325821917,"running_cmax":752091.9325821917,"n_raw_nan":0,"n_raw_inf":0,"n_threw":0,"n_mi_nan":0,"n_mi_inf":0}}
{"sessionId":"639bd9","timestamp":1778089719662,"location":"mfg_crowd_dynamics.ipynb:cell31","message":"frame 5 DOF stats","hypothesisId":"H7","runId":"post-fix-H6","data":{"world":39386,"k":5,"n_nan_dofs":0,"n_inf_dofs":0,"d_min":-6.479092955929985e6,"d_max":7.606859995541124e6}}
{"sessionId":"639bd9","timestamp":1778089719679,"location":"mfg_crowd_dynamics.ipynb:cell31","message":"frame 5 Mi stats","hypothesisId":"H7H8","runId":"post-fix-H6","data":{"world":39386,"k":5,"local_cmax":6.733405084813559e6,"running_cmax":6.733405084813559e6,"n_raw_nan":0,"n_raw_inf":0,"n_threw":0,"n_mi_nan":0,"n_mi_inf":0}}
{"sessionId":"639bd9","timestamp":1778089719679,"location":"mfg_crowd_dynamics.ipynb:cell31","message":"frame 6 DOF stats","hypothesisId":"H7","runId":"post-fix-H6","data":{"world":39386,"k":6,"n_nan_dofs":0,"n_inf_dofs":0,"d_min":-1.35416783474732e8,"d_max":1.361419270721781e8}}
{"sessionId":"639bd9","timestamp":1778089719714,"location":"mfg_crowd_dynamics.ipynb:cell31","message":"frame 6 Mi stats","hypothesisId":"H7H8","runId":"post-fix-H6","data":{"world":39386,"k":6,"local_cmax":1.1670174252652279e8,"running_cmax":1.1670174252652279e8,"n_raw_nan":0,"n_raw_inf":0,"n_threw":0,"n_mi_nan":0,"n_mi_inf":0}}
{"sessionId":"639bd9","timestamp":1778089719714,"location":"mfg_crowd_dynamics.ipynb:cell31","message":"frame 7 DOF stats","hypothesisId":"H7","runId":"post-fix-H6","data":{"world":39386,"k":7,"n_nan_dofs":0,"n_inf_dofs":0,"d_min":-7.144223222469473e9,"d_max":6.173113743801797e9}}
{"sessionId":"639bd9","timestamp":1778089719729,"location":"mfg_crowd_dynamics.ipynb:cell31","message":"frame 7 Mi stats","hypothesisId":"H7H8","runId":"post-fix-H6","data":{"world":39386,"k":7,"local_cmax":5.681027353322378e9,"running_cmax":5.681027353322378e9,"n_raw_nan":0,"n_raw_inf":0,"n_threw":0,"n_mi_nan":0,"n_mi_inf":0}}
{"sessionId":"639bd9","timestamp":1778089719729,"location":"mfg_crowd_dynamics.ipynb:cell31","message":"frame 8 DOF stats","hypothesisId":"H7","runId":"post-fix-H6","data":{"world":39386,"k":8,"n_nan_dofs":0,"n_inf_dofs":0,"d_min":-7.875681809684196e10,"d_max":7.862388895849727e10}}
{"sessionId":"639bd9","timestamp":1778089719744,"location":"mfg_crowd_dynamics.ipynb:cell31","message":"frame 8 Mi stats","hypothesisId":"H7H8","runId":"post-fix-H6","data":{"world":39386,"k":8,"local_cmax":6.682839788493365e10,"running_cmax":6.682839788493365e10,"n_raw_nan":0,"n_raw_inf":0,"n_threw":0,"n_mi_nan":0,"n_mi_inf":0}}
{"sessionId":"639bd9","timestamp":1778089719744,"location":"mfg_crowd_dynamics.ipynb:cell31","message":"frame 9 DOF stats","hypothesisId":"H7","runId":"post-fix-H6","data":{"world":39386,"k":9,"n_nan_dofs":0,"n_inf_dofs":0,"d_min":-6.613979905558533e11,"d_max":5.45100142945913e11}}
{"sessionId":"639bd9","timestamp":1778089719780,"location":"mfg_crowd_dynamics.ipynb:cell31","message":"frame 9 Mi stats","hypothesisId":"H7H8","runId":"post-fix-H6","data":{"world":39386,"k":9,"local_cmax":5.176540496677992e11,"running_cmax":5.176540496677992e11,"n_raw_nan":0,"n_raw_inf":0,"n_threw":0,"n_mi_nan":0,"n_mi_inf":0}}
{"sessionId":"639bd9","timestamp":1778089719780,"location":"mfg_crowd_dynamics.ipynb:cell31","message":"frame 10 DOF stats","hypothesisId":"H7","runId":"post-fix-H6","data":{"world":39386,"k":10,"n_nan_dofs":0,"n_inf_dofs":0,"d_min":-2.5075516843321523e12,"d_max":4.670787562398003e12}}
{"sessionId":"639bd9","timestamp":1778089719795,"location":"mfg_crowd_dynamics.ipynb:cell31","message":"frame 10 Mi stats","hypothesisId":"H7H8","runId":"post-fix-H6","data":{"world":39386,"k":10,"local_cmax":3.93904161303506e12,"running_cmax":3.93904161303506e12,"n_raw_nan":0,"n_raw_inf":0,"n_threw":0,"n_mi_nan":0,"n_mi_inf":0}}
{"sessionId":"639bd9","timestamp":1778089719795,"location":"mfg_crowd_dynamics.ipynb:cell31","message":"frame 11 DOF stats","hypothesisId":"H7","runId":"post-fix-H6","data":{"world":39386,"k":11,"n_nan_dofs":0,"n_inf_dofs":0,"d_min":-1.9754841053245184e13,"d_max":1.2549884844567303e13}}
{"sessionId":"639bd9","timestamp":1778089719807,"location":"mfg_crowd_dynamics.ipynb:cell31","message":"frame 11 Mi stats","hypothesisId":"H7H8","runId":"post-fix-H6","data":{"world":39386,"k":11,"local_cmax":1.0649026309825676e13,"running_cmax":1.0649026309825676e13,"n_raw_nan":0,"n_raw_inf":0,"n_threw":0,"n_mi_nan":0,"n_mi_inf":0}}
{"sessionId":"639bd9","timestamp":1778089719807,"location":"mfg_crowd_dynamics.ipynb:cell31","message":"frame 12 DOF stats","hypothesisId":"H7","runId":"post-fix-H6","data":{"world":39386,"k":12,"n_nan_dofs":0,"n_inf_dofs":0,"d_min":-1.296929453261459e14,"d_max":7.436407571931238e13}}
{"sessionId":"639bd9","timestamp":1778089719829,"location":"mfg_crowd_dynamics.ipynb:cell31","message":"frame 12 Mi stats","hypothesisId":"H7H8","runId":"post-fix-H6","data":{"world":39386,"k":12,"local_cmax":5.1251086753882734e13,"running_cmax":5.1251086753882734e13,"n_raw_nan":0,"n_raw_inf":0,"n_threw":0,"n_mi_nan":0,"n_mi_inf":0}}
{"sessionId":"639bd9","timestamp":1778089719832,"location":"mfg_crowd_dynamics.ipynb:cell31","message":"frame 13 DOF stats","hypothesisId":"H7","runId":"post-fix-H6","data":{"world":39386,"k":13,"n_nan_dofs":0,"n_inf_dofs":0,"d_min":-4.763229833420084e14,"d_max":4.187070981634819e14}}
{"sessionId":"639bd9","timestamp":1778089719862,"location":"mfg_crowd_dynamics.ipynb:cell31","message":"frame 13 Mi stats","hypothesisId":"H7H8","runId":"post-fix-H6","data":{"world":39386,"k":13,"local_cmax":4.08690723183451e14,"running_cmax":4.08690723183451e14,"n_raw_nan":0,"n_raw_inf":0,"n_threw":0,"n_mi_nan":0,"n_mi_inf":0}}
{"sessionId":"639bd9","timestamp":1778089719864,"location":"mfg_crowd_dynamics.ipynb:cell31","message":"frame 14 DOF stats","hypothesisId":"H7","runId":"post-fix-H6","data":{"world":39386,"k":14,"n_nan_dofs":0,"n_inf_dofs":0,"d_min":-6.904774502072332e15,"d_max":8.164398296404354e15}}
{"sessionId":"639bd9","timestamp":1778089719875,"location":"mfg_crowd_dynamics.ipynb:cell31","message":"frame 14 Mi stats","hypothesisId":"H7H8","runId":"post-fix-H6","data":{"world":39386,"k":14,"local_cmax":7.38181554742837e15,"running_cmax":7.38181554742837e15,"n_raw_nan":0,"n_raw_inf":0,"n_threw":0,"n_mi_nan":0,"n_mi_inf":0}}
{"sessionId":"639bd9","timestamp":1778089719875,"location":"mfg_crowd_dynamics.ipynb:cell31","message":"frame 15 DOF stats","hypothesisId":"H7","runId":"post-fix-H6","data":{"world":39386,"k":15,"n_nan_dofs":0,"n_inf_dofs":0,"d_min":-1.521007517588163e17,"d_max":1.171768753135211e17}}
{"sessionId":"639bd9","timestamp":1778089719895,"location":"mfg_crowd_dynamics.ipynb:cell31","message":"frame 15 Mi stats","hypothesisId":"H7H8","runId":"post-fix-H6","data":{"world":39386,"k":15,"local_cmax":1.1711427864783253e17,"running_cmax":1.1711427864783253e17,"n_raw_nan":0,"n_raw_inf":0,"n_threw":0,"n_mi_nan":0,"n_mi_inf":0}}
{"sessionId":"639bd9","timestamp":1778089719895,"location":"mfg_crowd_dynamics.ipynb:cell31","message":"frame 16 DOF stats","hypothesisId":"H7","runId":"post-fix-H6","data":{"world":39386,"k":16,"n_nan_dofs":0,"n_inf_dofs":0,"d_min":-5.896646753395507e17,"d_max":4.640654623372717e17}}
{"sessionId":"639bd9","timestamp":1778089719930,"location":"mfg_crowd_dynamics.ipynb:cell31","message":"frame 16 Mi stats","hypothesisId":"H7H8","runId":"post-fix-H6","data":{"world":39386,"k":16,"local_cmax":4.62832283272951e17,"running_cmax":4.62832283272951e17,"n_raw_nan":0,"n_raw_inf":0,"n_threw":0,"n_mi_nan":0,"n_mi_inf":0}}
{"sessionId":"639bd9","timestamp":1778089719930,"location":"mfg_crowd_dynamics.ipynb:cell31","message":"frame 17 DOF stats","hypothesisId":"H7","runId":"post-fix-H6","data":{"world":39386,"k":17,"n_nan_dofs":0,"n_inf_dofs":0,"d_min":-4.5494974399316603e18,"d_max":4.783127703716147e18}}
{"sessionId":"639bd9","timestamp":1778089719941,"location":"mfg_crowd_dynamics.ipynb:cell31","message":"frame 17 Mi stats","hypothesisId":"H7H8","runId":"post-fix-H6","data":{"world":39386,"k":17,"local_cmax":3.890317157936175e18,"running_cmax":3.890317157936175e18,"n_raw_nan":0,"n_raw_inf":0,"n_threw":0,"n_mi_nan":0,"n_mi_inf":0}}
{"sessionId":"639bd9","timestamp":1778089719941,"location":"mfg_crowd_dynamics.ipynb:cell31","message":"frame 18 DOF stats","hypothesisId":"H7","runId":"post-fix-H6","data":{"world":39386,"k":18,"n_nan_dofs":0,"n_inf_dofs":0,"d_min":-6.55530679284841e19,"d_max":5.176241125035924e19}}
{"sessionId":"639bd9","timestamp":1778089719959,"location":"mfg_crowd_dynamics.ipynb:cell31","message":"frame 18 Mi stats","hypothesisId":"H7H8","runId":"post-fix-H6","data":{"world":39386,"k":18,"local_cmax":5.090906206604473e19,"running_cmax":5.090906206604473e19,"n_raw_nan":0,"n_raw_inf":0,"n_threw":0,"n_mi_nan":0,"n_mi_inf":0}}
{"sessionId":"639bd9","timestamp":1778089719959,"location":"mfg_crowd_dynamics.ipynb:cell31","message":"frame 19 DOF stats","hypothesisId":"H7","runId":"post-fix-H6","data":{"world":39386,"k":19,"n_nan_dofs":0,"n_inf_dofs":0,"d_min":-3.9856065103461974e20,"d_max":2.7326596015916447e20}}
{"sessionId":"639bd9","timestamp":1778089719996,"location":"mfg_crowd_dynamics.ipynb:cell31","message":"frame 19 Mi stats","hypothesisId":"H7H8","runId":"post-fix-H6","data":{"world":39386,"k":19,"local_cmax":2.3799029080207842e20,"running_cmax":2.3799029080207842e20,"n_raw_nan":0,"n_raw_inf":0,"n_threw":0,"n_mi_nan":0,"n_mi_inf":0}}
{"sessionId":"639bd9","timestamp":1778089719996,"location":"mfg_crowd_dynamics.ipynb:cell31","message":"frame 20 DOF stats","hypothesisId":"H7","runId":"post-fix-H6","data":{"world":39386,"k":20,"n_nan_dofs":0,"n_inf_dofs":0,"d_min":-3.988405620792458e21,"d_max":2.7333244617741377e21}}
{"sessionId":"639bd9","timestamp":1778089720010,"location":"mfg_crowd_dynamics.ipynb:cell31","message":"frame 20 Mi stats","hypothesisId":"H7H8","runId":"post-fix-H6","data":{"world":39386,"k":20,"local_cmax":2.1624023829859753e21,"running_cmax":2.1624023829859753e21,"n_raw_nan":0,"n_raw_inf":0,"n_threw":0,"n_mi_nan":0,"n_mi_inf":0}}
{"sessionId":"639bd9","timestamp":1778089720010,"location":"mfg_crowd_dynamics.ipynb:cell31","message":"frame 21 DOF stats","hypothesisId":"H7","runId":"post-fix-H6","data":{"world":39386,"k":21,"n_nan_dofs":0,"n_inf_dofs":0,"d_min":-1.6366023504420491e22,"d_max":1.7620303524966141e22}}
{"sessionId":"639bd9","timestamp":1778089720026,"location":"mfg_crowd_dynamics.ipynb:cell31","message":"frame 21 Mi stats","hypothesisId":"H7H8","runId":"post-fix-H6","data":{"world":39386,"k":21,"local_cmax":1.5264650770654863e22,"running_cmax":1.5264650770654863e22,"n_raw_nan":0,"n_raw_inf":0,"n_threw":0,"n_mi_nan":0,"n_mi_inf":0}}
{"sessionId":"639bd9","timestamp":1778089720026,"location":"mfg_crowd_dynamics.ipynb:cell31","message":"frame 22 DOF stats","hypothesisId":"H7","runId":"post-fix-H6","data":{"world":39386,"k":22,"n_nan_dofs":0,"n_inf_dofs":0,"d_min":-1.1204705650936044e23,"d_max":1.0918283086649073e23}}
{"sessionId":"639bd9","timestamp":1778089720062,"location":"mfg_crowd_dynamics.ipynb:cell31","message":"frame 22 Mi stats","hypothesisId":"H7H8","runId":"post-fix-H6","data":{"world":39386,"k":22,"local_cmax":6.714884472894237e22,"running_cmax":6.714884472894237e22,"n_raw_nan":0,"n_raw_inf":0,"n_threw":0,"n_mi_nan":0,"n_mi_inf":0}}
{"sessionId":"639bd9","timestamp":1778089720062,"location":"mfg_crowd_dynamics.ipynb:cell31","message":"frame 23 DOF stats","hypothesisId":"H7","runId":"post-fix-H6","data":{"world":39386,"k":23,"n_nan_dofs":0,"n_inf_dofs":0,"d_min":-5.593635718957377e23,"d_max":5.323708796465944e23}}
{"sessionId":"639bd9","timestamp":1778089720078,"location":"mfg_crowd_dynamics.ipynb:cell31","message":"frame 23 Mi stats","hypothesisId":"H7H8","runId":"post-fix-H6","data":{"world":39386,"k":23,"local_cmax":4.726603389519666e23,"running_cmax":4.726603389519666e23,"n_raw_nan":0,"n_raw_inf":0,"n_threw":0,"n_mi_nan":0,"n_mi_inf":0}}
{"sessionId":"639bd9","timestamp":1778089720079,"location":"mfg_crowd_dynamics.ipynb:cell31","message":"frame 24 DOF stats","hypothesisId":"H7","runId":"post-fix-H6","data":{"world":39386,"k":24,"n_nan_dofs":0,"n_inf_dofs":0,"d_min":-3.0158097479411376e25,"d_max":2.942218467012388e25}}
{"sessionId":"639bd9","timestamp":1778089720095,"location":"mfg_crowd_dynamics.ipynb:cell31","message":"frame 24 Mi stats","hypothesisId":"H7H8","runId":"post-fix-H6","data":{"world":39386,"k":24,"local_cmax":2.811370931794742e25,"running_cmax":2.811370931794742e25,"n_raw_nan":0,"n_raw_inf":0,"n_threw":0,"n_mi_nan":0,"n_mi_inf":0}}
{"sessionId":"639bd9","timestamp":1778089720095,"location":"mfg_crowd_dynamics.ipynb:cell31","message":"frame 25 DOF stats","hypothesisId":"H7","runId":"post-fix-H6","data":{"world":39386,"k":25,"n_nan_dofs":0,"n_inf_dofs":0,"d_min":-1.4774372361287696e26,"d_max":1.2720135946729248e26}}
{"sessionId":"639bd9","timestamp":1778089720132,"location":"mfg_crowd_dynamics.ipynb:cell31","message":"frame 25 Mi stats","hypothesisId":"H7H8","runId":"post-fix-H6","data":{"world":39386,"k":25,"local_cmax":1.1999756664015238e26,"running_cmax":1.1999756664015238e26,"n_raw_nan":0,"n_raw_inf":0,"n_threw":0,"n_mi_nan":0,"n_mi_inf":0}}
{"sessionId":"639bd9","timestamp":1778089720132,"location":"mfg_crowd_dynamics.ipynb:cell31","message":"frame 26 DOF stats","hypothesisId":"H7","runId":"post-fix-H6","data":{"world":39386,"k":26,"n_nan_dofs":0,"n_inf_dofs":0,"d_min":-3.092375695482629e27,"d_max":3.052407008600208e27}}
{"sessionId":"639bd9","timestamp":1778089720141,"location":"mfg_crowd_dynamics.ipynb:cell31","message":"frame 26 Mi stats","hypothesisId":"H7H8","runId":"post-fix-H6","data":{"world":39386,"k":26,"local_cmax":2.8762472925848303e27,"running_cmax":2.8762472925848303e27,"n_raw_nan":0,"n_raw_inf":0,"n_threw":0,"n_mi_nan":0,"n_mi_inf":0}}
{"sessionId":"639bd9","timestamp":1778089720147,"location":"mfg_crowd_dynamics.ipynb:cell31","message":"frame 27 DOF stats","hypothesisId":"H7","runId":"post-fix-H6","data":{"world":39386,"k":27,"n_nan_dofs":0,"n_inf_dofs":0,"d_min":-1.0576367437501329e28,"d_max":1.2561047508909413e28}}
{"sessionId":"639bd9","timestamp":1778089720159,"location":"mfg_crowd_dynamics.ipynb:cell31","message":"frame 27 Mi stats","hypothesisId":"H7H8","runId":"post-fix-H6","data":{"world":39386,"k":27,"local_cmax":1.062669722528993e28,"running_cmax":1.062669722528993e28,"n_raw_nan":0,"n_raw_inf":0,"n_threw":0,"n_mi_nan":0,"n_mi_inf":0}}
{"sessionId":"639bd9","timestamp":1778089720159,"location":"mfg_crowd_dynamics.ipynb:cell31","message":"frame 28 DOF stats","hypothesisId":"H7","runId":"post-fix-H6","data":{"world":39386,"k":28,"n_nan_dofs":0,"n_inf_dofs":0,"d_min":-9.260012790999547e28,"d_max":9.214638590488338e28}}
{"sessionId":"639bd9","timestamp":1778089720196,"location":"mfg_crowd_dynamics.ipynb:cell31","message":"frame 28 Mi stats","hypothesisId":"H7H8","runId":"post-fix-H6","data":{"world":39386,"k":28,"local_cmax":6.3635238273339965e28,"running_cmax":6.3635238273339965e28,"n_raw_nan":0,"n_raw_inf":0,"n_threw":0,"n_mi_nan":0,"n_mi_inf":0}}
{"sessionId":"639bd9","timestamp":1778089720196,"location":"mfg_crowd_dynamics.ipynb:cell31","message":"frame 29 DOF stats","hypothesisId":"H7","runId":"post-fix-H6","data":{"world":39386,"k":29,"n_nan_dofs":0,"n_inf_dofs":0,"d_min":-4.8903313604898445e30,"d_max":4.6765631640365967e30}}
{"sessionId":"639bd9","timestamp":1778089720211,"location":"mfg_crowd_dynamics.ipynb:cell31","message":"frame 29 Mi stats","hypothesisId":"H7H8","runId":"post-fix-H6","data":{"world":39386,"k":29,"local_cmax":4.449657504247262e30,"running_cmax":4.449657504247262e30,"n_raw_nan":0,"n_raw_inf":0,"n_threw":0,"n_mi_nan":0,"n_mi_inf":0}}
{"sessionId":"639bd9","timestamp":1778089720211,"location":"mfg_crowd_dynamics.ipynb:cell31","message":"frame 30 DOF stats","hypothesisId":"H7","runId":"post-fix-H6","data":{"world":39386,"k":30,"n_nan_dofs":0,"n_inf_dofs":0,"d_min":-6.9506674566175235e31,"d_max":6.249925270093596e31}}
{"sessionId":"639bd9","timestamp":1778089720226,"location":"mfg_crowd_dynamics.ipynb:cell31","message":"frame 30 Mi stats","hypothesisId":"H7H8","runId":"post-fix-H6","data":{"world":39386,"k":30,"local_cmax":4.844564615713045e31,"running_cmax":4.844564615713045e31,"n_raw_nan":0,"n_raw_inf":0,"n_threw":0,"n_mi_nan":0,"n_mi_inf":0}}
{"sessionId":"639bd9","timestamp":1778089720226,"location":"mfg_crowd_dynamics.ipynb:cell31","message":"frame 31 DOF stats","hypothesisId":"H7","runId":"post-fix-H6","data":{"world":39386,"k":31,"n_nan_dofs":0,"n_inf_dofs":0,"d_min":-2.183503709936822e32,"d_max":2.1576481071649667e32}}
{"sessionId":"639bd9","timestamp":1778089720263,"location":"mfg_crowd_dynamics.ipynb:cell31","message":"frame 31 Mi stats","hypothesisId":"H7H8","runId":"post-fix-H6","data":{"world":39386,"k":31,"local_cmax":1.6488922096476776e32,"running_cmax":1.6488922096476776e32,"n_raw_nan":0,"n_raw_inf":0,"n_threw":0,"n_mi_nan":0,"n_mi_inf":0}}
{"sessionId":"639bd9","timestamp":1778089720263,"location":"mfg_crowd_dynamics.ipynb:cell31","message":"frame 32 DOF stats","hypothesisId":"H7","runId":"post-fix-H6","data":{"world":39386,"k":32,"n_nan_dofs":0,"n_inf_dofs":0,"d_min":-1.198317824317341e33,"d_max":1.2588429045298358e33}}
{"sessionId":"639bd9","timestamp":1778089720278,"location":"mfg_crowd_dynamics.ipynb:cell31","message":"frame 32 Mi stats","hypothesisId":"H7H8","runId":"post-fix-H6","data":{"world":39386,"k":32,"local_cmax":1.1540504289809917e33,"running_cmax":1.1540504289809917e33,"n_raw_nan":0,"n_raw_inf":0,"n_threw":0,"n_mi_nan":0,"n_mi_inf":0}}
{"sessionId":"639bd9","timestamp":1778089720278,"location":"mfg_crowd_dynamics.ipynb:cell31","message":"frame 33 DOF stats","hypothesisId":"H7","runId":"post-fix-H6","data":{"world":39386,"k":33,"n_nan_dofs":0,"n_inf_dofs":0,"d_min":-4.899516522581309e33,"d_max":3.825487814464305e33}}
{"sessionId":"639bd9","timestamp":1778089720287,"location":"mfg_crowd_dynamics.ipynb:cell31","message":"frame 33 Mi stats","hypothesisId":"H7H8","runId":"post-fix-H6","data":{"world":39386,"k":33,"local_cmax":3.555485689975297e33,"running_cmax":3.555485689975297e33,"n_raw_nan":0,"n_raw_inf":0,"n_threw":0,"n_mi_nan":0,"n_mi_inf":0}}
{"sessionId":"639bd9","timestamp":1778089720287,"location":"mfg_crowd_dynamics.ipynb:cell31","message":"frame 34 DOF stats","hypothesisId":"H7","runId":"post-fix-H6","data":{"world":39386,"k":34,"n_nan_dofs":0,"n_inf_dofs":0,"d_min":-2.5684722024299126e35,"d_max":4.57198546660096e35}}
{"sessionId":"639bd9","timestamp":1778089720327,"location":"mfg_crowd_dynamics.ipynb:cell31","message":"frame 34 Mi stats","hypothesisId":"H7H8","runId":"post-fix-H6","data":{"world":39386,"k":34,"local_cmax":3.8182208775494776e35,"running_cmax":3.8182208775494776e35,"n_raw_nan":0,"n_raw_inf":0,"n_threw":0,"n_mi_nan":0,"n_mi_inf":0}}
{"sessionId":"639bd9","timestamp":1778089720327,"location":"mfg_crowd_dynamics.ipynb:cell31","message":"frame 35 DOF stats","hypothesisId":"H7","runId":"post-fix-H6","data":{"world":39386,"k":35,"n_nan_dofs":0,"n_inf_dofs":0,"d_min":-2.5155418114465872e36,"d_max":2.5480692180683783e36}}
{"sessionId":"639bd9","timestamp":1778089720343,"location":"mfg_crowd_dynamics.ipynb:cell31","message":"frame 35 Mi stats","hypothesisId":"H7H8","runId":"post-fix-H6","data":{"world":39386,"k":35,"local_cmax":2.4405867944538023e36,"running_cmax":2.4405867944538023e36,"n_raw_nan":0,"n_raw_inf":0,"n_threw":0,"n_mi_nan":0,"n_mi_inf":0}}
{"sessionId":"639bd9","timestamp":1778089720343,"location":"mfg_crowd_dynamics.ipynb:cell31","message":"frame 36 DOF stats","hypothesisId":"H7","runId":"post-fix-H6","data":{"world":39386,"k":36,"n_nan_dofs":0,"n_inf_dofs":0,"d_min":-6.198472161672982e36,"d_max":5.952432589842395e36}}
{"sessionId":"639bd9","timestamp":1778089720354,"location":"mfg_crowd_dynamics.ipynb:cell31","message":"frame 36 Mi stats","hypothesisId":"H7H8","runId":"post-fix-H6","data":{"world":39386,"k":36,"local_cmax":5.711573380905055e36,"running_cmax":5.711573380905055e36,"n_raw_nan":0,"n_raw_inf":0,"n_threw":0,"n_mi_nan":0,"n_mi_inf":0}}
{"sessionId":"639bd9","timestamp":1778089720354,"location":"mfg_crowd_dynamics.ipynb:cell31","message":"frame 37 DOF stats","hypothesisId":"H7","runId":"post-fix-H6","data":{"world":39386,"k":37,"n_nan_dofs":0,"n_inf_dofs":0,"d_min":-1.249166375502632e38,"d_max":9.589284227022776e37}}
{"sessionId":"639bd9","timestamp":1778089720393,"location":"mfg_crowd_dynamics.ipynb:cell31","message":"frame 37 Mi stats","hypothesisId":"H7H8","runId":"post-fix-H6","data":{"world":39386,"k":37,"local_cmax":6.920289695671316e37,"running_cmax":6.920289695671316e37,"n_raw_nan":0,"n_raw_inf":0,"n_threw":0,"n_mi_nan":0,"n_mi_inf":0}}
{"sessionId":"639bd9","timestamp":1778089720393,"location":"mfg_crowd_dynamics.ipynb:cell31","message":"frame 38 DOF stats","hypothesisId":"H7","runId":"post-fix-H6","data":{"world":39386,"k":38,"n_nan_dofs":0,"n_inf_dofs":0,"d_min":-4.092369940681565e38,"d_max":4.5095705016950634e38}}
{"sessionId":"639bd9","timestamp":1778089720406,"location":"mfg_crowd_dynamics.ipynb:cell31","message":"frame 38 Mi stats","hypothesisId":"H7H8","runId":"post-fix-H6","data":{"world":39386,"k":38,"local_cmax":3.8221071822125675e38,"running_cmax":3.8221071822125675e38,"n_raw_nan":0,"n_raw_inf":0,"n_threw":0,"n_mi_nan":0,"n_mi_inf":0}}
{"sessionId":"639bd9","timestamp":1778089720406,"location":"mfg_crowd_dynamics.ipynb:cell31","message":"frame 39 DOF stats","hypothesisId":"H7","runId":"post-fix-H6","data":{"world":39386,"k":39,"n_nan_dofs":0,"n_inf_dofs":0,"d_min":-1.0711169682993458e40,"d_max":1.4593333876378677e40}}
{"sessionId":"639bd9","timestamp":1778089720421,"location":"mfg_crowd_dynamics.ipynb:cell31","message":"frame 39 Mi stats","hypothesisId":"H7H8","runId":"post-fix-H6","data":{"world":39386,"k":39,"local_cmax":1.262824860821322e40,"running_cmax":1.262824860821322e40,"n_raw_nan":0,"n_raw_inf":0,"n_threw":0,"n_mi_nan":0,"n_mi_inf":0}}
{"sessionId":"639bd9","timestamp":1778089720421,"location":"mfg_crowd_dynamics.ipynb:cell31","message":"frame 40 DOF stats","hypothesisId":"H7","runId":"post-fix-H6","data":{"world":39386,"k":40,"n_nan_dofs":0,"n_inf_dofs":0,"d_min":-2.38936703631178e41,"d_max":1.3147066966093768e41}}
{"sessionId":"639bd9","timestamp":1778089720457,"location":"mfg_crowd_dynamics.ipynb:cell31","message":"frame 40 Mi stats","hypothesisId":"H7H8","runId":"post-fix-H6","data":{"world":39386,"k":40,"local_cmax":8.641384132042681e40,"running_cmax":8.641384132042681e40,"n_raw_nan":0,"n_raw_inf":0,"n_threw":0,"n_mi_nan":0,"n_mi_inf":0}}
{"sessionId":"639bd9","timestamp":1778089720457,"location":"mfg_crowd_dynamics.ipynb:cell31","message":"frame 41 DOF stats","hypothesisId":"H7","runId":"post-fix-H6","data":{"world":39386,"k":41,"n_nan_dofs":0,"n_inf_dofs":0,"d_min":-1.747784291939797e41,"d_max":9.6139987107388e40}}
{"sessionId":"639bd9","timestamp":1778089720469,"location":"mfg_crowd_dynamics.ipynb:cell31","message":"frame 41 Mi stats","hypothesisId":"H7H8","runId":"post-fix-H6","data":{"world":39386,"k":41,"local_cmax":6.228063877480994e40,"running_cmax":8.641384132042681e40,"n_raw_nan":0,"n_raw_inf":0,"n_threw":0,"n_mi_nan":0,"n_mi_inf":0}}
{"sessionId":"639bd9","timestamp":1778089720512,"location":"mfg_crowd_dynamics.ipynb:cell31","message":"before record(): cr + M_frames[1] summary (post-clamp)","hypothesisId":"H7H10","runId":"post-fix-H6","data":{"world":39386,"cr_lo":0.0,"cr_hi":1588.9486975064817,"raw_cmax":8.641384132042681e40,"ceiling":1588.9486975064817,"m1_max":15.889486975064816,"M1_nan":0,"M1_inf":0,"M1_min":0.0,"M1_max":15.889486975064816}}
